{"/home/renegade/Documents/My Projects/Node/Jsonstore/helpers.js": {"path":"/home/renegade/Documents/My Projects/Node/Jsonstore/helpers.js","statementMap":{"0":{"start":{"line":2,"column":17},"end":{"line":2,"column":46}},"1":{"start":{"line":5,"column":0},"end":{"line":13,"column":3}},"2":{"start":{"line":10,"column":26},"end":{"line":10,"column":37}}},"fnMap":{"0":{"name":"(anonymous_0)","decl":{"start":{"line":10,"column":16},"end":{"line":10,"column":17}},"loc":{"start":{"line":10,"column":26},"end":{"line":10,"column":37}},"line":10}},"branchMap":{},"s":{"0":2,"1":2,"2":0},"f":{"0":0},"b":{},"_coverageSchema":"43e27e138ebf9cfc5966b082cf9a028302ed4184","hash":"373722e20659d6eea444bde554997bc1d1929e00"}
,"/home/renegade/Documents/My Projects/Node/Jsonstore/index.js": {"path":"/home/renegade/Documents/My Projects/Node/Jsonstore/index.js","statementMap":{"0":{"start":{"line":1,"column":16},"end":{"line":1,"column":34}},"1":{"start":{"line":2,"column":14},"end":{"line":2,"column":43}},"2":{"start":{"line":3,"column":16},"end":{"line":3,"column":34}},"3":{"start":{"line":5,"column":15},"end":{"line":5,"column":32}},"4":{"start":{"line":8,"column":13},"end":{"line":8,"column":28}},"5":{"start":{"line":10,"column":12},"end":{"line":10,"column":21}},"6":{"start":{"line":12,"column":0},"end":{"line":12,"column":16}},"7":{"start":{"line":19,"column":0},"end":{"line":19,"column":33}},"8":{"start":{"line":20,"column":0},"end":{"line":20,"column":31}},"9":{"start":{"line":21,"column":0},"end":{"line":21,"column":26}},"10":{"start":{"line":22,"column":0},"end":{"line":22,"column":30}},"11":{"start":{"line":25,"column":13},"end":{"line":25,"column":37}},"12":{"start":{"line":27,"column":0},"end":{"line":27,"column":58}},"13":{"start":{"line":28,"column":15},"end":{"line":28,"column":85}},"14":{"start":{"line":28,"column":38},"end":{"line":28,"column":84}},"15":{"start":{"line":30,"column":0},"end":{"line":30,"column":24}}},"fnMap":{"0":{"name":"(anonymous_0)","decl":{"start":{"line":28,"column":32},"end":{"line":28,"column":33}},"loc":{"start":{"line":28,"column":38},"end":{"line":28,"column":84}},"line":28}},"branchMap":{"0":{"loc":{"start":{"line":25,"column":13},"end":{"line":25,"column":37}},"type":"binary-expr","locations":[{"start":{"line":25,"column":13},"end":{"line":25,"column":29}},{"start":{"line":25,"column":33},"end":{"line":25,"column":37}}],"line":25}},"s":{"0":2,"1":2,"2":2,"3":2,"4":2,"5":2,"6":2,"7":2,"8":2,"9":2,"10":2,"11":2,"12":2,"13":2,"14":2,"15":2},"f":{"0":2},"b":{"0":[2,2]},"_coverageSchema":"43e27e138ebf9cfc5966b082cf9a028302ed4184","hash":"96c09dc684bbb02327e85cc1c51500367e87cc30"}
,"/home/renegade/Documents/My Projects/Node/Jsonstore/middleware/admin.js": {"path":"/home/renegade/Documents/My Projects/Node/Jsonstore/middleware/admin.js","statementMap":{"0":{"start":{"line":1,"column":15},"end":{"line":1,"column":32}},"1":{"start":{"line":3,"column":0},"end":{"line":9,"column":1}},"2":{"start":{"line":5,"column":4},"end":{"line":5,"column":56}},"3":{"start":{"line":5,"column":42},"end":{"line":5,"column":56}},"4":{"start":{"line":7,"column":4},"end":{"line":7,"column":72}},"5":{"start":{"line":7,"column":27},"end":{"line":7,"column":72}},"6":{"start":{"line":8,"column":4},"end":{"line":8,"column":11}}},"fnMap":{"0":{"name":"(anonymous_0)","decl":{"start":{"line":3,"column":17},"end":{"line":3,"column":18}},"loc":{"start":{"line":3,"column":43},"end":{"line":9,"column":1}},"line":3}},"branchMap":{"0":{"loc":{"start":{"line":5,"column":4},"end":{"line":5,"column":56}},"type":"if","locations":[{"start":{"line":5,"column":4},"end":{"line":5,"column":56}},{"start":{"line":5,"column":4},"end":{"line":5,"column":56}}],"line":5},"1":{"loc":{"start":{"line":7,"column":4},"end":{"line":7,"column":72}},"type":"if","locations":[{"start":{"line":7,"column":4},"end":{"line":7,"column":72}},{"start":{"line":7,"column":4},"end":{"line":7,"column":72}}],"line":7}},"s":{"0":2,"1":2,"2":0,"3":0,"4":0,"5":0,"6":0},"f":{"0":0},"b":{"0":[0,0],"1":[0,0]},"_coverageSchema":"43e27e138ebf9cfc5966b082cf9a028302ed4184","hash":"f3f3da8ef41972d5cf8a1e62b4e1b4e59cd838d9"}
,"/home/renegade/Documents/My Projects/Node/Jsonstore/middleware/auth.js": {"path":"/home/renegade/Documents/My Projects/Node/Jsonstore/middleware/auth.js","statementMap":{"0":{"start":{"line":1,"column":12},"end":{"line":1,"column":35}},"1":{"start":{"line":2,"column":15},"end":{"line":2,"column":32}},"2":{"start":{"line":6,"column":4},"end":{"line":6,"column":51}},"3":{"start":{"line":6,"column":37},"end":{"line":6,"column":51}},"4":{"start":{"line":8,"column":18},"end":{"line":8,"column":44}},"5":{"start":{"line":10,"column":4},"end":{"line":10,"column":80}},"6":{"start":{"line":10,"column":16},"end":{"line":10,"column":80}},"7":{"start":{"line":12,"column":4},"end":{"line":18,"column":5}},"8":{"start":{"line":13,"column":24},"end":{"line":13,"column":70}},"9":{"start":{"line":14,"column":8},"end":{"line":14,"column":27}},"10":{"start":{"line":15,"column":8},"end":{"line":15,"column":15}},"11":{"start":{"line":17,"column":8},"end":{"line":17,"column":47}},"12":{"start":{"line":20,"column":0},"end":{"line":20,"column":22}}},"fnMap":{"0":{"name":"auth","decl":{"start":{"line":4,"column":9},"end":{"line":4,"column":13}},"loc":{"start":{"line":4,"column":30},"end":{"line":19,"column":1}},"line":4}},"branchMap":{"0":{"loc":{"start":{"line":6,"column":4},"end":{"line":6,"column":51}},"type":"if","locations":[{"start":{"line":6,"column":4},"end":{"line":6,"column":51}},{"start":{"line":6,"column":4},"end":{"line":6,"column":51}}],"line":6},"1":{"loc":{"start":{"line":10,"column":4},"end":{"line":10,"column":80}},"type":"if","locations":[{"start":{"line":10,"column":4},"end":{"line":10,"column":80}},{"start":{"line":10,"column":4},"end":{"line":10,"column":80}}],"line":10}},"s":{"0":3,"1":3,"2":8,"3":0,"4":8,"5":8,"6":2,"7":6,"8":6,"9":5,"10":5,"11":1,"12":3},"f":{"0":8},"b":{"0":[0,8],"1":[2,6]},"_coverageSchema":"43e27e138ebf9cfc5966b082cf9a028302ed4184","hash":"14c6509f47d66e9662bd33f3343e4f17a420fd9a"}
,"/home/renegade/Documents/My Projects/Node/Jsonstore/middleware/error.js": {"path":"/home/renegade/Documents/My Projects/Node/Jsonstore/middleware/error.js","statementMap":{"0":{"start":{"line":1,"column":16},"end":{"line":1,"column":34}},"1":{"start":{"line":2,"column":17},"end":{"line":2,"column":36}},"2":{"start":{"line":4,"column":0},"end":{"line":14,"column":1}},"3":{"start":{"line":5,"column":4},"end":{"line":5,"column":36}},"4":{"start":{"line":12,"column":4},"end":{"line":12,"column":45}}},"fnMap":{"0":{"name":"(anonymous_0)","decl":{"start":{"line":4,"column":17},"end":{"line":4,"column":18}},"loc":{"start":{"line":4,"column":48},"end":{"line":14,"column":1}},"line":4}},"branchMap":{},"s":{"0":2,"1":2,"2":2,"3":0,"4":0},"f":{"0":0},"b":{},"_coverageSchema":"43e27e138ebf9cfc5966b082cf9a028302ed4184","hash":"26d11accb8ca15b764a95296acaac1056f0585b7"}
,"/home/renegade/Documents/My Projects/Node/Jsonstore/middleware/validateObjectId.js": {"path":"/home/renegade/Documents/My Projects/Node/Jsonstore/middleware/validateObjectId.js","statementMap":{"0":{"start":{"line":1,"column":17},"end":{"line":1,"column":36}},"1":{"start":{"line":3,"column":0},"end":{"line":8,"column":1}},"2":{"start":{"line":4,"column":5},"end":{"line":5,"column":52}},"3":{"start":{"line":5,"column":9},"end":{"line":5,"column":52}},"4":{"start":{"line":7,"column":4},"end":{"line":7,"column":10}}},"fnMap":{"0":{"name":"(anonymous_0)","decl":{"start":{"line":3,"column":17},"end":{"line":3,"column":18}},"loc":{"start":{"line":3,"column":41},"end":{"line":8,"column":1}},"line":3}},"branchMap":{"0":{"loc":{"start":{"line":4,"column":5},"end":{"line":5,"column":52}},"type":"if","locations":[{"start":{"line":4,"column":5},"end":{"line":5,"column":52}},{"start":{"line":4,"column":5},"end":{"line":5,"column":52}}],"line":4}},"s":{"0":2,"1":2,"2":3,"3":1,"4":2},"f":{"0":3},"b":{"0":[1,2]},"_coverageSchema":"43e27e138ebf9cfc5966b082cf9a028302ed4184","hash":"7ab9a49cc9a28f21c1d0f66799660ce4494fa35c"}
,"/home/renegade/Documents/My Projects/Node/Jsonstore/models/category.js": {"path":"/home/renegade/Documents/My Projects/Node/Jsonstore/models/category.js","statementMap":{"0":{"start":{"line":1,"column":17},"end":{"line":1,"column":36}},"1":{"start":{"line":2,"column":12},"end":{"line":2,"column":26}},"2":{"start":{"line":4,"column":23},"end":{"line":12,"column":2}},"3":{"start":{"line":14,"column":17},"end":{"line":14,"column":59}},"4":{"start":{"line":20,"column":19},"end":{"line":22,"column":5}},"5":{"start":{"line":24,"column":4},"end":{"line":24,"column":42}},"6":{"start":{"line":27,"column":0},"end":{"line":27,"column":43}},"7":{"start":{"line":28,"column":0},"end":{"line":28,"column":35}}},"fnMap":{"0":{"name":"validateCategory","decl":{"start":{"line":19,"column":9},"end":{"line":19,"column":25}},"loc":{"start":{"line":19,"column":36},"end":{"line":25,"column":1}},"line":19}},"branchMap":{},"s":{"0":2,"1":2,"2":2,"3":2,"4":4,"5":4,"6":2,"7":2},"f":{"0":4},"b":{},"_coverageSchema":"43e27e138ebf9cfc5966b082cf9a028302ed4184","hash":"2dd430f4fcce905010da65d14518855136218067"}
,"/home/renegade/Documents/My Projects/Node/Jsonstore/models/company.js": {"path":"/home/renegade/Documents/My Projects/Node/Jsonstore/models/company.js","statementMap":{"0":{"start":{"line":1,"column":17},"end":{"line":1,"column":36}},"1":{"start":{"line":2,"column":12},"end":{"line":2,"column":26}},"2":{"start":{"line":4,"column":22},"end":{"line":10,"column":2}},"3":{"start":{"line":12,"column":16},"end":{"line":12,"column":56}},"4":{"start":{"line":18,"column":19},"end":{"line":20,"column":5}},"5":{"start":{"line":22,"column":4},"end":{"line":22,"column":41}},"6":{"start":{"line":25,"column":0},"end":{"line":25,"column":42}},"7":{"start":{"line":26,"column":0},"end":{"line":26,"column":33}}},"fnMap":{"0":{"name":"validateCompany","decl":{"start":{"line":17,"column":9},"end":{"line":17,"column":24}},"loc":{"start":{"line":17,"column":34},"end":{"line":23,"column":1}},"line":17}},"branchMap":{},"s":{"0":2,"1":2,"2":2,"3":2,"4":0,"5":0,"6":2,"7":2},"f":{"0":0},"b":{},"_coverageSchema":"43e27e138ebf9cfc5966b082cf9a028302ed4184","hash":"024dda3e4dde728507e657300f1c981f23d40381"}
,"/home/renegade/Documents/My Projects/Node/Jsonstore/models/product.js": {"path":"/home/renegade/Documents/My Projects/Node/Jsonstore/models/product.js","statementMap":{"0":{"start":{"line":2,"column":17},"end":{"line":2,"column":36}},"1":{"start":{"line":3,"column":12},"end":{"line":3,"column":26}},"2":{"start":{"line":6,"column":4},"end":{"line":6,"column":23}},"3":{"start":{"line":8,"column":22},"end":{"line":51,"column":2}},"4":{"start":{"line":53,"column":16},"end":{"line":53,"column":56}},"5":{"start":{"line":59,"column":19},"end":{"line":71,"column":5}},"6":{"start":{"line":73,"column":4},"end":{"line":73,"column":41}},"7":{"start":{"line":76,"column":0},"end":{"line":76,"column":42}},"8":{"start":{"line":77,"column":0},"end":{"line":77,"column":33}}},"fnMap":{"0":{"name":"validateProduct","decl":{"start":{"line":58,"column":9},"end":{"line":58,"column":24}},"loc":{"start":{"line":58,"column":34},"end":{"line":74,"column":1}},"line":58}},"branchMap":{},"s":{"0":2,"1":2,"2":2,"3":2,"4":2,"5":0,"6":0,"7":2,"8":2},"f":{"0":0},"b":{},"_coverageSchema":"43e27e138ebf9cfc5966b082cf9a028302ed4184","hash":"c8a37daea2ec4fd7ec13a93e64fdf9e50050c20f"}
,"/home/renegade/Documents/My Projects/Node/Jsonstore/models/review.js": {"path":"/home/renegade/Documents/My Projects/Node/Jsonstore/models/review.js","statementMap":{"0":{"start":{"line":1,"column":12},"end":{"line":1,"column":26}},"1":{"start":{"line":2,"column":17},"end":{"line":2,"column":36}},"2":{"start":{"line":5,"column":4},"end":{"line":5,"column":21}},"3":{"start":{"line":7,"column":21},"end":{"line":45,"column":2}},"4":{"start":{"line":47,"column":15},"end":{"line":47,"column":53}},"5":{"start":{"line":50,"column":19},"end":{"line":58,"column":5}},"6":{"start":{"line":60,"column":20},"end":{"line":62,"column":5}},"7":{"start":{"line":63,"column":4},"end":{"line":63,"column":49}},"8":{"start":{"line":66,"column":0},"end":{"line":66,"column":36}},"9":{"start":{"line":67,"column":0},"end":{"line":67,"column":24}},"10":{"start":{"line":68,"column":0},"end":{"line":68,"column":34}}},"fnMap":{"0":{"name":"validateReview","decl":{"start":{"line":49,"column":9},"end":{"line":49,"column":23}},"loc":{"start":{"line":49,"column":32},"end":{"line":64,"column":1}},"line":49}},"branchMap":{},"s":{"0":2,"1":2,"2":2,"3":2,"4":2,"5":0,"6":0,"7":0,"8":2,"9":2,"10":2},"f":{"0":0},"b":{},"_coverageSchema":"43e27e138ebf9cfc5966b082cf9a028302ed4184","hash":"2d53f9ef82f8a2c509e46db28415dda5a5186342"}
,"/home/renegade/Documents/My Projects/Node/Jsonstore/models/user.js": {"path":"/home/renegade/Documents/My Projects/Node/Jsonstore/models/user.js","statementMap":{"0":{"start":{"line":1,"column":12},"end":{"line":1,"column":26}},"1":{"start":{"line":2,"column":17},"end":{"line":2,"column":36}},"2":{"start":{"line":4,"column":12},"end":{"line":4,"column":35}},"3":{"start":{"line":5,"column":15},"end":{"line":5,"column":32}},"4":{"start":{"line":7,"column":19},"end":{"line":48,"column":2}},"5":{"start":{"line":50,"column":0},"end":{"line":58,"column":2}},"6":{"start":{"line":51,"column":15},"end":{"line":56,"column":2}},"7":{"start":{"line":57,"column":1},"end":{"line":57,"column":14}},"8":{"start":{"line":60,"column":13},"end":{"line":60,"column":47}},"9":{"start":{"line":63,"column":16},"end":{"line":70,"column":2}},"10":{"start":{"line":71,"column":1},"end":{"line":71,"column":35}},"11":{"start":{"line":74,"column":0},"end":{"line":74,"column":32}},"12":{"start":{"line":75,"column":0},"end":{"line":75,"column":20}},"13":{"start":{"line":76,"column":0},"end":{"line":76,"column":32}}},"fnMap":{"0":{"name":"(anonymous_0)","decl":{"start":{"line":50,"column":39},"end":{"line":50,"column":40}},"loc":{"start":{"line":50,"column":51},"end":{"line":58,"column":1}},"line":50},"1":{"name":"validateUser","decl":{"start":{"line":62,"column":9},"end":{"line":62,"column":21}},"loc":{"start":{"line":62,"column":28},"end":{"line":72,"column":1}},"line":62}},"branchMap":{},"s":{"0":3,"1":3,"2":3,"3":3,"4":3,"5":3,"6":9,"7":9,"8":3,"9":0,"10":0,"11":3,"12":3,"13":3},"f":{"0":9,"1":0},"b":{},"_coverageSchema":"43e27e138ebf9cfc5966b082cf9a028302ed4184","hash":"35f4eb8f1957da77decade48c4a559994dfa1d0c"}
,"/home/renegade/Documents/My Projects/Node/Jsonstore/routes/about.js": {"path":"/home/renegade/Documents/My Projects/Node/Jsonstore/routes/about.js","statementMap":{"0":{"start":{"line":1,"column":16},"end":{"line":1,"column":34}},"1":{"start":{"line":2,"column":15},"end":{"line":2,"column":31}},"2":{"start":{"line":6,"column":0},"end":{"line":9,"column":3}},"3":{"start":{"line":6,"column":30},"end":{"line":9,"column":2}},"4":{"start":{"line":11,"column":0},"end":{"line":11,"column":24}}},"fnMap":{"0":{"name":"(anonymous_0)","decl":{"start":{"line":6,"column":16},"end":{"line":6,"column":17}},"loc":{"start":{"line":6,"column":30},"end":{"line":9,"column":2}},"line":6}},"branchMap":{},"s":{"0":2,"1":2,"2":2,"3":0,"4":2},"f":{"0":0},"b":{},"_coverageSchema":"43e27e138ebf9cfc5966b082cf9a028302ed4184","hash":"b08f5d0bde0b7f5f9e1e82a6c45d37474cc5cb0c"}
,"/home/renegade/Documents/My Projects/Node/Jsonstore/routes/home.js": {"path":"/home/renegade/Documents/My Projects/Node/Jsonstore/routes/home.js","statementMap":{"0":{"start":{"line":1,"column":16},"end":{"line":1,"column":34}},"1":{"start":{"line":2,"column":15},"end":{"line":2,"column":31}},"2":{"start":{"line":5,"column":0},"end":{"line":8,"column":4}},"3":{"start":{"line":5,"column":30},"end":{"line":8,"column":2}},"4":{"start":{"line":9,"column":0},"end":{"line":9,"column":24}}},"fnMap":{"0":{"name":"(anonymous_0)","decl":{"start":{"line":5,"column":16},"end":{"line":5,"column":17}},"loc":{"start":{"line":5,"column":30},"end":{"line":8,"column":2}},"line":5}},"branchMap":{},"s":{"0":2,"1":2,"2":2,"3":0,"4":2},"f":{"0":0},"b":{},"_coverageSchema":"43e27e138ebf9cfc5966b082cf9a028302ed4184","hash":"14baab40fb15a8981e78e02a1a53789590cf39b4"}
,"/home/renegade/Documents/My Projects/Node/Jsonstore/routes/store.js": {"path":"/home/renegade/Documents/My Projects/Node/Jsonstore/routes/store.js","statementMap":{"0":{"start":{"line":1,"column":16},"end":{"line":1,"column":34}},"1":{"start":{"line":2,"column":15},"end":{"line":2,"column":31}},"2":{"start":{"line":6,"column":14},"end":{"line":6,"column":42}},"3":{"start":{"line":7,"column":17},"end":{"line":7,"column":48}},"4":{"start":{"line":8,"column":16},"end":{"line":8,"column":46}},"5":{"start":{"line":13,"column":0},"end":{"line":20,"column":3}},"6":{"start":{"line":13,"column":30},"end":{"line":20,"column":2}},"7":{"start":{"line":22,"column":0},"end":{"line":22,"column":24}}},"fnMap":{"0":{"name":"(anonymous_0)","decl":{"start":{"line":13,"column":16},"end":{"line":13,"column":17}},"loc":{"start":{"line":13,"column":30},"end":{"line":20,"column":2}},"line":13}},"branchMap":{},"s":{"0":2,"1":2,"2":2,"3":2,"4":2,"5":2,"6":0,"7":2},"f":{"0":0},"b":{},"_coverageSchema":"43e27e138ebf9cfc5966b082cf9a028302ed4184","hash":"03bc96a2cfd6da45d7ded9e9deda45f9ef9ec20a"}
,"/home/renegade/Documents/My Projects/Node/Jsonstore/routes/api/auth.js": {"path":"/home/renegade/Documents/My Projects/Node/Jsonstore/routes/api/auth.js","statementMap":{"0":{"start":{"line":3,"column":4},"end":{"line":3,"column":32}},"1":{"start":{"line":5,"column":15},"end":{"line":5,"column":32}},"2":{"start":{"line":7,"column":12},"end":{"line":7,"column":35}},"3":{"start":{"line":8,"column":12},"end":{"line":8,"column":26}},"4":{"start":{"line":10,"column":10},"end":{"line":10,"column":27}},"5":{"start":{"line":11,"column":15},"end":{"line":11,"column":32}},"6":{"start":{"line":13,"column":16},"end":{"line":13,"column":34}},"7":{"start":{"line":14,"column":15},"end":{"line":14,"column":31}},"8":{"start":{"line":17,"column":0},"end":{"line":34,"column":2}},"9":{"start":{"line":20,"column":8},"end":{"line":20,"column":26}},"10":{"start":{"line":22,"column":4},"end":{"line":22,"column":69}},"11":{"start":{"line":22,"column":15},"end":{"line":22,"column":69}},"12":{"start":{"line":24,"column":15},"end":{"line":26,"column":6}},"13":{"start":{"line":27,"column":4},"end":{"line":27,"column":71}},"14":{"start":{"line":27,"column":15},"end":{"line":27,"column":71}},"15":{"start":{"line":29,"column":26},"end":{"line":29,"column":80}},"16":{"start":{"line":30,"column":4},"end":{"line":30,"column":71}},"17":{"start":{"line":30,"column":24},"end":{"line":30,"column":71}},"18":{"start":{"line":32,"column":18},"end":{"line":32,"column":42}},"19":{"start":{"line":33,"column":4},"end":{"line":33,"column":19}},"20":{"start":{"line":37,"column":19},"end":{"line":40,"column":5}},"21":{"start":{"line":41,"column":4},"end":{"line":41,"column":37}},"22":{"start":{"line":44,"column":0},"end":{"line":44,"column":24}}},"fnMap":{"0":{"name":"(anonymous_0)","decl":{"start":{"line":17,"column":17},"end":{"line":17,"column":18}},"loc":{"start":{"line":17,"column":37},"end":{"line":34,"column":1}},"line":17},"1":{"name":"validate","decl":{"start":{"line":36,"column":9},"end":{"line":36,"column":17}},"loc":{"start":{"line":36,"column":23},"end":{"line":42,"column":1}},"line":36}},"branchMap":{"0":{"loc":{"start":{"line":22,"column":4},"end":{"line":22,"column":69}},"type":"if","locations":[{"start":{"line":22,"column":4},"end":{"line":22,"column":69}},{"start":{"line":22,"column":4},"end":{"line":22,"column":69}}],"line":22},"1":{"loc":{"start":{"line":27,"column":4},"end":{"line":27,"column":71}},"type":"if","locations":[{"start":{"line":27,"column":4},"end":{"line":27,"column":71}},{"start":{"line":27,"column":4},"end":{"line":27,"column":71}}],"line":27},"2":{"loc":{"start":{"line":30,"column":4},"end":{"line":30,"column":71}},"type":"if","locations":[{"start":{"line":30,"column":4},"end":{"line":30,"column":71}},{"start":{"line":30,"column":4},"end":{"line":30,"column":71}}],"line":30}},"s":{"0":2,"1":2,"2":2,"3":2,"4":2,"5":2,"6":2,"7":2,"8":2,"9":0,"10":0,"11":0,"12":0,"13":0,"14":0,"15":0,"16":0,"17":0,"18":0,"19":0,"20":0,"21":0,"22":2},"f":{"0":0,"1":0},"b":{"0":[0,0],"1":[0,0],"2":[0,0]},"_coverageSchema":"43e27e138ebf9cfc5966b082cf9a028302ed4184","hash":"856661c8f7597fb6be91f19a3b8946964b604d58"}
,"/home/renegade/Documents/My Projects/Node/Jsonstore/routes/api/category.js": {"path":"/home/renegade/Documents/My Projects/Node/Jsonstore/routes/api/category.js","statementMap":{"0":{"start":{"line":1,"column":25},"end":{"line":1,"column":69}},"1":{"start":{"line":6,"column":4},"end":{"line":6,"column":36}},"2":{"start":{"line":7,"column":13},"end":{"line":7,"column":45}},"3":{"start":{"line":8,"column":14},"end":{"line":8,"column":47}},"4":{"start":{"line":10,"column":17},"end":{"line":10,"column":36}},"5":{"start":{"line":12,"column":16},"end":{"line":12,"column":34}},"6":{"start":{"line":13,"column":15},"end":{"line":13,"column":31}},"7":{"start":{"line":16,"column":0},"end":{"line":21,"column":3}},"8":{"start":{"line":17,"column":23},"end":{"line":19,"column":6}},"9":{"start":{"line":20,"column":4},"end":{"line":20,"column":24}},"10":{"start":{"line":24,"column":0},"end":{"line":31,"column":3}},"11":{"start":{"line":26,"column":21},"end":{"line":26,"column":59}},"12":{"start":{"line":28,"column":4},"end":{"line":30,"column":27}},"13":{"start":{"line":33,"column":0},"end":{"line":44,"column":2}},"14":{"start":{"line":34,"column":21},"end":{"line":34,"column":39}},"15":{"start":{"line":35,"column":4},"end":{"line":35,"column":69}},"16":{"start":{"line":35,"column":15},"end":{"line":35,"column":69}},"17":{"start":{"line":37,"column":19},"end":{"line":39,"column":6}},"18":{"start":{"line":41,"column":4},"end":{"line":41,"column":37}},"19":{"start":{"line":42,"column":4},"end":{"line":42,"column":22}},"20":{"start":{"line":46,"column":0},"end":{"line":46,"column":24}}},"fnMap":{"0":{"name":"(anonymous_0)","decl":{"start":{"line":16,"column":16},"end":{"line":16,"column":17}},"loc":{"start":{"line":16,"column":36},"end":{"line":21,"column":1}},"line":16},"1":{"name":"(anonymous_1)","decl":{"start":{"line":24,"column":37},"end":{"line":24,"column":38}},"loc":{"start":{"line":24,"column":57},"end":{"line":31,"column":1}},"line":24},"2":{"name":"(anonymous_2)","decl":{"start":{"line":33,"column":23},"end":{"line":33,"column":24}},"loc":{"start":{"line":33,"column":43},"end":{"line":44,"column":1}},"line":33}},"branchMap":{"0":{"loc":{"start":{"line":28,"column":4},"end":{"line":30,"column":26}},"type":"cond-expr","locations":[{"start":{"line":29,"column":8},"end":{"line":29,"column":50}},{"start":{"line":30,"column":8},"end":{"line":30,"column":26}}],"line":28},"1":{"loc":{"start":{"line":35,"column":4},"end":{"line":35,"column":69}},"type":"if","locations":[{"start":{"line":35,"column":4},"end":{"line":35,"column":69}},{"start":{"line":35,"column":4},"end":{"line":35,"column":69}}],"line":35}},"s":{"0":2,"1":2,"2":2,"3":2,"4":2,"5":2,"6":2,"7":2,"8":1,"9":1,"10":2,"11":2,"12":2,"13":2,"14":4,"15":4,"16":2,"17":2,"18":2,"19":2,"20":2},"f":{"0":1,"1":2,"2":4},"b":{"0":[2,0],"1":[2,2]},"_coverageSchema":"43e27e138ebf9cfc5966b082cf9a028302ed4184","hash":"8b56cd790c35b8bb4de28b7d33ef4c94f09d7725"}
,"/home/renegade/Documents/My Projects/Node/Jsonstore/routes/api/company.js": {"path":"/home/renegade/Documents/My Projects/Node/Jsonstore/routes/api/company.js","statementMap":{"0":{"start":{"line":4,"column":4},"end":{"line":4,"column":35}},"1":{"start":{"line":5,"column":13},"end":{"line":5,"column":45}},"2":{"start":{"line":6,"column":14},"end":{"line":6,"column":47}},"3":{"start":{"line":8,"column":17},"end":{"line":8,"column":36}},"4":{"start":{"line":10,"column":16},"end":{"line":10,"column":34}},"5":{"start":{"line":11,"column":15},"end":{"line":11,"column":31}},"6":{"start":{"line":14,"column":0},"end":{"line":19,"column":3}},"7":{"start":{"line":15,"column":22},"end":{"line":17,"column":6}},"8":{"start":{"line":18,"column":4},"end":{"line":18,"column":23}},"9":{"start":{"line":22,"column":0},"end":{"line":28,"column":3}},"10":{"start":{"line":23,"column":20},"end":{"line":23,"column":57}},"11":{"start":{"line":25,"column":4},"end":{"line":27,"column":26}},"12":{"start":{"line":30,"column":0},"end":{"line":44,"column":2}},"13":{"start":{"line":33,"column":8},"end":{"line":33,"column":26}},"14":{"start":{"line":34,"column":4},"end":{"line":34,"column":69}},"15":{"start":{"line":34,"column":15},"end":{"line":34,"column":69}},"16":{"start":{"line":36,"column":18},"end":{"line":38,"column":6}},"17":{"start":{"line":40,"column":4},"end":{"line":40,"column":35}},"18":{"start":{"line":41,"column":4},"end":{"line":41,"column":21}},"19":{"start":{"line":42,"column":4},"end":{"line":42,"column":36}},"20":{"start":{"line":46,"column":0},"end":{"line":46,"column":24}}},"fnMap":{"0":{"name":"(anonymous_0)","decl":{"start":{"line":14,"column":16},"end":{"line":14,"column":17}},"loc":{"start":{"line":14,"column":36},"end":{"line":19,"column":1}},"line":14},"1":{"name":"(anonymous_1)","decl":{"start":{"line":22,"column":19},"end":{"line":22,"column":20}},"loc":{"start":{"line":22,"column":39},"end":{"line":28,"column":1}},"line":22},"2":{"name":"(anonymous_2)","decl":{"start":{"line":30,"column":17},"end":{"line":30,"column":18}},"loc":{"start":{"line":30,"column":37},"end":{"line":44,"column":1}},"line":30}},"branchMap":{"0":{"loc":{"start":{"line":25,"column":4},"end":{"line":27,"column":25}},"type":"cond-expr","locations":[{"start":{"line":26,"column":8},"end":{"line":26,"column":49}},{"start":{"line":27,"column":8},"end":{"line":27,"column":25}}],"line":25},"1":{"loc":{"start":{"line":34,"column":4},"end":{"line":34,"column":69}},"type":"if","locations":[{"start":{"line":34,"column":4},"end":{"line":34,"column":69}},{"start":{"line":34,"column":4},"end":{"line":34,"column":69}}],"line":34}},"s":{"0":2,"1":2,"2":2,"3":2,"4":2,"5":2,"6":2,"7":0,"8":0,"9":2,"10":0,"11":0,"12":2,"13":0,"14":0,"15":0,"16":0,"17":0,"18":0,"19":0,"20":2},"f":{"0":0,"1":0,"2":0},"b":{"0":[0,0],"1":[0,0]},"_coverageSchema":"43e27e138ebf9cfc5966b082cf9a028302ed4184","hash":"76b7e57635d586e08d34e489bed59d339e5a8161"}
,"/home/renegade/Documents/My Projects/Node/Jsonstore/routes/api/products.js": {"path":"/home/renegade/Documents/My Projects/Node/Jsonstore/routes/api/products.js","statementMap":{"0":{"start":{"line":5,"column":4},"end":{"line":5,"column":35}},"1":{"start":{"line":9,"column":4},"end":{"line":9,"column":35}},"2":{"start":{"line":12,"column":4},"end":{"line":12,"column":36}},"3":{"start":{"line":13,"column":13},"end":{"line":13,"column":45}},"4":{"start":{"line":14,"column":14},"end":{"line":14,"column":47}},"5":{"start":{"line":16,"column":17},"end":{"line":16,"column":36}},"6":{"start":{"line":18,"column":16},"end":{"line":18,"column":34}},"7":{"start":{"line":19,"column":15},"end":{"line":19,"column":31}},"8":{"start":{"line":27,"column":0},"end":{"line":36,"column":3}},"9":{"start":{"line":28,"column":21},"end":{"line":33,"column":10}},"10":{"start":{"line":35,"column":4},"end":{"line":35,"column":22}},"11":{"start":{"line":39,"column":0},"end":{"line":46,"column":3}},"12":{"start":{"line":40,"column":20},"end":{"line":40,"column":57}},"13":{"start":{"line":43,"column":4},"end":{"line":45,"column":26}},"14":{"start":{"line":48,"column":0},"end":{"line":56,"column":3}},"15":{"start":{"line":50,"column":20},"end":{"line":50,"column":57}},"16":{"start":{"line":53,"column":4},"end":{"line":55,"column":34}},"17":{"start":{"line":58,"column":0},"end":{"line":94,"column":2}},"18":{"start":{"line":61,"column":8},"end":{"line":61,"column":26}},"19":{"start":{"line":62,"column":4},"end":{"line":62,"column":69}},"20":{"start":{"line":62,"column":15},"end":{"line":62,"column":69}},"21":{"start":{"line":65,"column":21},"end":{"line":65,"column":63}},"22":{"start":{"line":66,"column":4},"end":{"line":66,"column":68}},"23":{"start":{"line":66,"column":19},"end":{"line":66,"column":68}},"24":{"start":{"line":69,"column":20},"end":{"line":69,"column":60}},"25":{"start":{"line":70,"column":4},"end":{"line":70,"column":66}},"26":{"start":{"line":70,"column":18},"end":{"line":70,"column":66}},"27":{"start":{"line":73,"column":4},"end":{"line":92,"column":5}},"28":{"start":{"line":74,"column":22},"end":{"line":86,"column":10}},"29":{"start":{"line":88,"column":8},"end":{"line":88,"column":39}},"30":{"start":{"line":89,"column":8},"end":{"line":89,"column":25}},"31":{"start":{"line":91,"column":8},"end":{"line":91,"column":40}},"32":{"start":{"line":96,"column":0},"end":{"line":102,"column":3}},"33":{"start":{"line":97,"column":20},"end":{"line":97,"column":66}},"34":{"start":{"line":99,"column":4},"end":{"line":99,"column":94}},"35":{"start":{"line":99,"column":18},"end":{"line":99,"column":94}},"36":{"start":{"line":101,"column":4},"end":{"line":101,"column":22}},"37":{"start":{"line":104,"column":0},"end":{"line":104,"column":24}}},"fnMap":{"0":{"name":"(anonymous_0)","decl":{"start":{"line":27,"column":16},"end":{"line":27,"column":17}},"loc":{"start":{"line":27,"column":36},"end":{"line":36,"column":1}},"line":27},"1":{"name":"(anonymous_1)","decl":{"start":{"line":39,"column":19},"end":{"line":39,"column":20}},"loc":{"start":{"line":39,"column":39},"end":{"line":46,"column":1}},"line":39},"2":{"name":"(anonymous_2)","decl":{"start":{"line":48,"column":26},"end":{"line":48,"column":27}},"loc":{"start":{"line":48,"column":46},"end":{"line":56,"column":1}},"line":48},"3":{"name":"(anonymous_3)","decl":{"start":{"line":58,"column":23},"end":{"line":58,"column":24}},"loc":{"start":{"line":58,"column":43},"end":{"line":94,"column":1}},"line":58},"4":{"name":"(anonymous_4)","decl":{"start":{"line":96,"column":29},"end":{"line":96,"column":30}},"loc":{"start":{"line":96,"column":49},"end":{"line":102,"column":1}},"line":96}},"branchMap":{"0":{"loc":{"start":{"line":43,"column":4},"end":{"line":45,"column":25}},"type":"cond-expr","locations":[{"start":{"line":44,"column":8},"end":{"line":44,"column":49}},{"start":{"line":45,"column":8},"end":{"line":45,"column":25}}],"line":43},"1":{"loc":{"start":{"line":53,"column":4},"end":{"line":55,"column":33}},"type":"cond-expr","locations":[{"start":{"line":54,"column":8},"end":{"line":54,"column":49}},{"start":{"line":55,"column":8},"end":{"line":55,"column":33}}],"line":53},"2":{"loc":{"start":{"line":62,"column":4},"end":{"line":62,"column":69}},"type":"if","locations":[{"start":{"line":62,"column":4},"end":{"line":62,"column":69}},{"start":{"line":62,"column":4},"end":{"line":62,"column":69}}],"line":62},"3":{"loc":{"start":{"line":66,"column":4},"end":{"line":66,"column":68}},"type":"if","locations":[{"start":{"line":66,"column":4},"end":{"line":66,"column":68}},{"start":{"line":66,"column":4},"end":{"line":66,"column":68}}],"line":66},"4":{"loc":{"start":{"line":70,"column":4},"end":{"line":70,"column":66}},"type":"if","locations":[{"start":{"line":70,"column":4},"end":{"line":70,"column":66}},{"start":{"line":70,"column":4},"end":{"line":70,"column":66}}],"line":70},"5":{"loc":{"start":{"line":75,"column":25},"end":{"line":75,"column":63}},"type":"cond-expr","locations":[{"start":{"line":75,"column":51},"end":{"line":75,"column":55}},{"start":{"line":75,"column":58},"end":{"line":75,"column":63}}],"line":75},"6":{"loc":{"start":{"line":76,"column":19},"end":{"line":76,"column":87}},"type":"cond-expr","locations":[{"start":{"line":76,"column":39},"end":{"line":76,"column":68}},{"start":{"line":76,"column":72},"end":{"line":76,"column":86}}],"line":76},"7":{"loc":{"start":{"line":77,"column":21},"end":{"line":77,"column":95}},"type":"cond-expr","locations":[{"start":{"line":77,"column":43},"end":{"line":77,"column":74}},{"start":{"line":77,"column":78},"end":{"line":77,"column":94}}],"line":77},"8":{"loc":{"start":{"line":99,"column":4},"end":{"line":99,"column":94}},"type":"if","locations":[{"start":{"line":99,"column":4},"end":{"line":99,"column":94}},{"start":{"line":99,"column":4},"end":{"line":99,"column":94}}],"line":99}},"s":{"0":2,"1":2,"2":2,"3":2,"4":2,"5":2,"6":2,"7":2,"8":2,"9":0,"10":0,"11":2,"12":0,"13":0,"14":2,"15":0,"16":0,"17":2,"18":0,"19":0,"20":0,"21":0,"22":0,"23":0,"24":0,"25":0,"26":0,"27":0,"28":0,"29":0,"30":0,"31":0,"32":2,"33":0,"34":0,"35":0,"36":0,"37":2},"f":{"0":0,"1":0,"2":0,"3":0,"4":0},"b":{"0":[0,0],"1":[0,0],"2":[0,0],"3":[0,0],"4":[0,0],"5":[0,0],"6":[0,0],"7":[0,0],"8":[0,0]},"_coverageSchema":"43e27e138ebf9cfc5966b082cf9a028302ed4184","hash":"7ad2aaaa3d11630dcaca5aaf52cdad0607eaf8e0"}
,"/home/renegade/Documents/My Projects/Node/Jsonstore/routes/api/reviews.js": {"path":"/home/renegade/Documents/My Projects/Node/Jsonstore/routes/api/reviews.js","statementMap":{"0":{"start":{"line":5,"column":4},"end":{"line":5,"column":34}},"1":{"start":{"line":10,"column":4},"end":{"line":10,"column":35}},"2":{"start":{"line":15,"column":4},"end":{"line":15,"column":32}},"3":{"start":{"line":17,"column":13},"end":{"line":17,"column":45}},"4":{"start":{"line":18,"column":14},"end":{"line":18,"column":47}},"5":{"start":{"line":20,"column":16},"end":{"line":20,"column":34}},"6":{"start":{"line":21,"column":15},"end":{"line":21,"column":31}},"7":{"start":{"line":22,"column":16},"end":{"line":22,"column":49}},"8":{"start":{"line":23,"column":13},"end":{"line":23,"column":28}},"9":{"start":{"line":26,"column":0},"end":{"line":33,"column":3}},"10":{"start":{"line":27,"column":16},"end":{"line":31,"column":4}},"11":{"start":{"line":32,"column":1},"end":{"line":32,"column":18}},"12":{"start":{"line":36,"column":0},"end":{"line":41,"column":3}},"13":{"start":{"line":37,"column":16},"end":{"line":37,"column":52}},"14":{"start":{"line":40,"column":1},"end":{"line":40,"column":71}},"15":{"start":{"line":44,"column":0},"end":{"line":78,"column":3}},"16":{"start":{"line":47,"column":5},"end":{"line":47,"column":23}},"17":{"start":{"line":48,"column":1},"end":{"line":48,"column":66}},"18":{"start":{"line":48,"column":12},"end":{"line":48,"column":66}},"19":{"start":{"line":51,"column":14},"end":{"line":51,"column":48}},"20":{"start":{"line":52,"column":1},"end":{"line":52,"column":57}},"21":{"start":{"line":52,"column":12},"end":{"line":52,"column":57}},"22":{"start":{"line":55,"column":17},"end":{"line":55,"column":57}},"23":{"start":{"line":56,"column":1},"end":{"line":56,"column":63}},"24":{"start":{"line":56,"column":15},"end":{"line":56,"column":63}},"25":{"start":{"line":58,"column":1},"end":{"line":77,"column":2}},"26":{"start":{"line":59,"column":15},"end":{"line":68,"column":4}},"27":{"start":{"line":70,"column":2},"end":{"line":70,"column":31}},"28":{"start":{"line":71,"column":2},"end":{"line":71,"column":31}},"29":{"start":{"line":72,"column":2},"end":{"line":72,"column":17}},"30":{"start":{"line":74,"column":2},"end":{"line":74,"column":19}},"31":{"start":{"line":76,"column":2},"end":{"line":76,"column":23}},"32":{"start":{"line":81,"column":0},"end":{"line":87,"column":3}},"33":{"start":{"line":82,"column":16},"end":{"line":82,"column":61}},"34":{"start":{"line":84,"column":1},"end":{"line":84,"column":89}},"35":{"start":{"line":84,"column":14},"end":{"line":84,"column":89}},"36":{"start":{"line":86,"column":1},"end":{"line":86,"column":18}},"37":{"start":{"line":89,"column":0},"end":{"line":89,"column":24}}},"fnMap":{"0":{"name":"(anonymous_0)","decl":{"start":{"line":26,"column":16},"end":{"line":26,"column":17}},"loc":{"start":{"line":26,"column":36},"end":{"line":33,"column":1}},"line":26},"1":{"name":"(anonymous_1)","decl":{"start":{"line":36,"column":19},"end":{"line":36,"column":20}},"loc":{"start":{"line":36,"column":39},"end":{"line":41,"column":1}},"line":36},"2":{"name":"(anonymous_2)","decl":{"start":{"line":44,"column":23},"end":{"line":44,"column":24}},"loc":{"start":{"line":44,"column":43},"end":{"line":78,"column":1}},"line":44},"3":{"name":"(anonymous_3)","decl":{"start":{"line":81,"column":29},"end":{"line":81,"column":30}},"loc":{"start":{"line":81,"column":49},"end":{"line":87,"column":1}},"line":81}},"branchMap":{"0":{"loc":{"start":{"line":40,"column":1},"end":{"line":40,"column":70}},"type":"cond-expr","locations":[{"start":{"line":40,"column":11},"end":{"line":40,"column":51}},{"start":{"line":40,"column":54},"end":{"line":40,"column":70}}],"line":40},"1":{"loc":{"start":{"line":48,"column":1},"end":{"line":48,"column":66}},"type":"if","locations":[{"start":{"line":48,"column":1},"end":{"line":48,"column":66}},{"start":{"line":48,"column":1},"end":{"line":48,"column":66}}],"line":48},"2":{"loc":{"start":{"line":52,"column":1},"end":{"line":52,"column":57}},"type":"if","locations":[{"start":{"line":52,"column":1},"end":{"line":52,"column":57}},{"start":{"line":52,"column":1},"end":{"line":52,"column":57}}],"line":52},"3":{"loc":{"start":{"line":56,"column":1},"end":{"line":56,"column":63}},"type":"if","locations":[{"start":{"line":56,"column":1},"end":{"line":56,"column":63}},{"start":{"line":56,"column":1},"end":{"line":56,"column":63}}],"line":56},"4":{"loc":{"start":{"line":84,"column":1},"end":{"line":84,"column":89}},"type":"if","locations":[{"start":{"line":84,"column":1},"end":{"line":84,"column":89}},{"start":{"line":84,"column":1},"end":{"line":84,"column":89}}],"line":84}},"s":{"0":2,"1":2,"2":2,"3":2,"4":2,"5":2,"6":2,"7":2,"8":2,"9":2,"10":0,"11":0,"12":2,"13":0,"14":0,"15":2,"16":0,"17":0,"18":0,"19":0,"20":0,"21":0,"22":0,"23":0,"24":0,"25":0,"26":0,"27":0,"28":0,"29":0,"30":0,"31":0,"32":2,"33":0,"34":0,"35":0,"36":0,"37":2},"f":{"0":0,"1":0,"2":0,"3":0},"b":{"0":[0,0],"1":[0,0],"2":[0,0],"3":[0,0],"4":[0,0]},"_coverageSchema":"43e27e138ebf9cfc5966b082cf9a028302ed4184","hash":"e646e92576b1485c14a117621334ca0a10e1267e"}
,"/home/renegade/Documents/My Projects/Node/Jsonstore/routes/api/users.js": {"path":"/home/renegade/Documents/My Projects/Node/Jsonstore/routes/api/users.js","statementMap":{"0":{"start":{"line":5,"column":4},"end":{"line":5,"column":32}},"1":{"start":{"line":7,"column":13},"end":{"line":7,"column":45}},"2":{"start":{"line":8,"column":14},"end":{"line":8,"column":47}},"3":{"start":{"line":10,"column":12},"end":{"line":10,"column":35}},"4":{"start":{"line":11,"column":15},"end":{"line":11,"column":32}},"5":{"start":{"line":12,"column":10},"end":{"line":12,"column":27}},"6":{"start":{"line":13,"column":15},"end":{"line":13,"column":32}},"7":{"start":{"line":15,"column":16},"end":{"line":15,"column":34}},"8":{"start":{"line":16,"column":15},"end":{"line":16,"column":31}},"9":{"start":{"line":19,"column":14},"end":{"line":19,"column":45}},"10":{"start":{"line":20,"column":17},"end":{"line":20,"column":51}},"11":{"start":{"line":21,"column":16},"end":{"line":21,"column":49}},"12":{"start":{"line":25,"column":0},"end":{"line":28,"column":3}},"13":{"start":{"line":26,"column":18},"end":{"line":26,"column":35}},"14":{"start":{"line":27,"column":4},"end":{"line":27,"column":19}},"15":{"start":{"line":31,"column":0},"end":{"line":41,"column":2}},"16":{"start":{"line":33,"column":17},"end":{"line":33,"column":51}},"17":{"start":{"line":36,"column":4},"end":{"line":38,"column":118}},"18":{"start":{"line":43,"column":0},"end":{"line":52,"column":3}},"19":{"start":{"line":45,"column":17},"end":{"line":45,"column":79}},"20":{"start":{"line":45,"column":40},"end":{"line":45,"column":78}},"21":{"start":{"line":46,"column":20},"end":{"line":46,"column":75}},"22":{"start":{"line":46,"column":45},"end":{"line":46,"column":74}},"23":{"start":{"line":49,"column":4},"end":{"line":51,"column":76}},"24":{"start":{"line":51,"column":44},"end":{"line":51,"column":73}},"25":{"start":{"line":54,"column":0},"end":{"line":86,"column":2}},"26":{"start":{"line":57,"column":8},"end":{"line":57,"column":26}},"27":{"start":{"line":58,"column":4},"end":{"line":58,"column":69}},"28":{"start":{"line":58,"column":15},"end":{"line":58,"column":69}},"29":{"start":{"line":60,"column":15},"end":{"line":62,"column":6}},"30":{"start":{"line":63,"column":4},"end":{"line":63,"column":65}},"31":{"start":{"line":63,"column":14},"end":{"line":63,"column":65}},"32":{"start":{"line":65,"column":17},"end":{"line":65,"column":41}},"33":{"start":{"line":67,"column":4},"end":{"line":85,"column":5}},"34":{"start":{"line":68,"column":19},"end":{"line":77,"column":10}},"35":{"start":{"line":78,"column":8},"end":{"line":78,"column":26}},"36":{"start":{"line":80,"column":22},"end":{"line":80,"column":46}},"37":{"start":{"line":82,"column":8},"end":{"line":82,"column":150}},"38":{"start":{"line":84,"column":8},"end":{"line":84,"column":40}},"39":{"start":{"line":90,"column":0},"end":{"line":90,"column":24}}},"fnMap":{"0":{"name":"(anonymous_0)","decl":{"start":{"line":25,"column":16},"end":{"line":25,"column":17}},"loc":{"start":{"line":25,"column":36},"end":{"line":28,"column":1}},"line":25},"1":{"name":"(anonymous_1)","decl":{"start":{"line":31,"column":19},"end":{"line":31,"column":20}},"loc":{"start":{"line":31,"column":39},"end":{"line":41,"column":1}},"line":31},"2":{"name":"(anonymous_2)","decl":{"start":{"line":43,"column":26},"end":{"line":43,"column":27}},"loc":{"start":{"line":43,"column":40},"end":{"line":52,"column":1}},"line":43},"3":{"name":"(anonymous_3)","decl":{"start":{"line":45,"column":30},"end":{"line":45,"column":31}},"loc":{"start":{"line":45,"column":40},"end":{"line":45,"column":78}},"line":45},"4":{"name":"(anonymous_4)","decl":{"start":{"line":46,"column":33},"end":{"line":46,"column":34}},"loc":{"start":{"line":46,"column":45},"end":{"line":46,"column":74}},"line":46},"5":{"name":"(anonymous_5)","decl":{"start":{"line":51,"column":32},"end":{"line":51,"column":33}},"loc":{"start":{"line":51,"column":44},"end":{"line":51,"column":73}},"line":51},"6":{"name":"(anonymous_6)","decl":{"start":{"line":54,"column":17},"end":{"line":54,"column":18}},"loc":{"start":{"line":54,"column":37},"end":{"line":86,"column":1}},"line":54}},"branchMap":{"0":{"loc":{"start":{"line":36,"column":4},"end":{"line":38,"column":118}},"type":"cond-expr","locations":[{"start":{"line":37,"column":8},"end":{"line":37,"column":46}},{"start":{"line":38,"column":8},"end":{"line":38,"column":118}}],"line":36},"1":{"loc":{"start":{"line":49,"column":4},"end":{"line":51,"column":75}},"type":"cond-expr","locations":[{"start":{"line":50,"column":8},"end":{"line":50,"column":48}},{"start":{"line":51,"column":8},"end":{"line":51,"column":75}}],"line":49},"2":{"loc":{"start":{"line":58,"column":4},"end":{"line":58,"column":69}},"type":"if","locations":[{"start":{"line":58,"column":4},"end":{"line":58,"column":69}},{"start":{"line":58,"column":4},"end":{"line":58,"column":69}}],"line":58},"3":{"loc":{"start":{"line":63,"column":4},"end":{"line":63,"column":65}},"type":"if","locations":[{"start":{"line":63,"column":4},"end":{"line":63,"column":65}},{"start":{"line":63,"column":4},"end":{"line":63,"column":65}}],"line":63}},"s":{"0":2,"1":2,"2":2,"3":2,"4":2,"5":2,"6":2,"7":2,"8":2,"9":2,"10":2,"11":2,"12":2,"13":0,"14":0,"15":2,"16":0,"17":0,"18":2,"19":0,"20":0,"21":0,"22":0,"23":0,"24":0,"25":2,"26":0,"27":0,"28":0,"29":0,"30":0,"31":0,"32":0,"33":0,"34":0,"35":0,"36":0,"37":0,"38":0,"39":2},"f":{"0":0,"1":0,"2":0,"3":0,"4":0,"5":0,"6":0},"b":{"0":[0,0],"1":[0,0],"2":[0,0],"3":[0,0]},"_coverageSchema":"43e27e138ebf9cfc5966b082cf9a028302ed4184","hash":"9f817288903ded3c16d9ec3d3ecbfddb0424a54f"}
,"/home/renegade/Documents/My Projects/Node/Jsonstore/services/Products.js": {"path":"/home/renegade/Documents/My Projects/Node/Jsonstore/services/Products.js","statementMap":{"0":{"start":{"line":1,"column":17},"end":{"line":46,"column":1}},"1":{"start":{"line":48,"column":0},"end":{"line":48,"column":25}}},"fnMap":{},"branchMap":{},"s":{"0":2,"1":2},"f":{},"b":{},"_coverageSchema":"43e27e138ebf9cfc5966b082cf9a028302ed4184","hash":"c0800a696b95f70ccff804986287b036a92af8dd"}
,"/home/renegade/Documents/My Projects/Node/Jsonstore/services/Reviews.js": {"path":"/home/renegade/Documents/My Projects/Node/Jsonstore/services/Reviews.js","statementMap":{"0":{"start":{"line":1,"column":16},"end":{"line":49,"column":1}},"1":{"start":{"line":51,"column":0},"end":{"line":51,"column":24}}},"fnMap":{},"branchMap":{},"s":{"0":2,"1":2},"f":{},"b":{},"_coverageSchema":"43e27e138ebf9cfc5966b082cf9a028302ed4184","hash":"b3f436580a16ed7ef2df7199da9de4a18a61ced4"}
,"/home/renegade/Documents/My Projects/Node/Jsonstore/services/Users.js": {"path":"/home/renegade/Documents/My Projects/Node/Jsonstore/services/Users.js","statementMap":{"0":{"start":{"line":1,"column":14},"end":{"line":40,"column":1}},"1":{"start":{"line":42,"column":0},"end":{"line":42,"column":22}}},"fnMap":{},"branchMap":{},"s":{"0":2,"1":2},"f":{},"b":{},"_coverageSchema":"43e27e138ebf9cfc5966b082cf9a028302ed4184","hash":"c2d4df7b3a5ee523633f00faabe656aac8fc5cd1"}
,"/home/renegade/Documents/My Projects/Node/Jsonstore/startup/config.js": {"path":"/home/renegade/Documents/My Projects/Node/Jsonstore/startup/config.js","statementMap":{"0":{"start":{"line":1,"column":15},"end":{"line":1,"column":32}},"1":{"start":{"line":3,"column":0},"end":{"line":8,"column":1}},"2":{"start":{"line":4,"column":4},"end":{"line":7,"column":5}},"3":{"start":{"line":5,"column":8},"end":{"line":5,"column":67}},"4":{"start":{"line":6,"column":8},"end":{"line":6,"column":24}}},"fnMap":{"0":{"name":"(anonymous_0)","decl":{"start":{"line":3,"column":17},"end":{"line":3,"column":18}},"loc":{"start":{"line":3,"column":29},"end":{"line":8,"column":1}},"line":3}},"branchMap":{"0":{"loc":{"start":{"line":4,"column":4},"end":{"line":7,"column":5}},"type":"if","locations":[{"start":{"line":4,"column":4},"end":{"line":7,"column":5}},{"start":{"line":4,"column":4},"end":{"line":7,"column":5}}],"line":4}},"s":{"0":2,"1":2,"2":2,"3":0,"4":0},"f":{"0":2},"b":{"0":[0,2]},"_coverageSchema":"43e27e138ebf9cfc5966b082cf9a028302ed4184","hash":"aec9c386407201956dc31237086787960781890f"}
,"/home/renegade/Documents/My Projects/Node/Jsonstore/startup/db.js": {"path":"/home/renegade/Documents/My Projects/Node/Jsonstore/startup/db.js","statementMap":{"0":{"start":{"line":1,"column":16},"end":{"line":1,"column":34}},"1":{"start":{"line":2,"column":17},"end":{"line":2,"column":36}},"2":{"start":{"line":3,"column":15},"end":{"line":3,"column":32}},"3":{"start":{"line":10,"column":0},"end":{"line":15,"column":1}},"4":{"start":{"line":11,"column":15},"end":{"line":11,"column":31}},"5":{"start":{"line":12,"column":4},"end":{"line":14,"column":59}},"6":{"start":{"line":14,"column":20},"end":{"line":14,"column":58}}},"fnMap":{"0":{"name":"(anonymous_0)","decl":{"start":{"line":10,"column":17},"end":{"line":10,"column":18}},"loc":{"start":{"line":10,"column":29},"end":{"line":15,"column":1}},"line":10},"1":{"name":"(anonymous_1)","decl":{"start":{"line":14,"column":14},"end":{"line":14,"column":15}},"loc":{"start":{"line":14,"column":20},"end":{"line":14,"column":58}},"line":14}},"branchMap":{},"s":{"0":2,"1":2,"2":2,"3":2,"4":2,"5":2,"6":2},"f":{"0":2,"1":2},"b":{},"_coverageSchema":"43e27e138ebf9cfc5966b082cf9a028302ed4184","hash":"5dc8ba9a9ddce318d6725d843cf93c53d32f96a4"}
,"/home/renegade/Documents/My Projects/Node/Jsonstore/startup/logging.js": {"path":"/home/renegade/Documents/My Projects/Node/Jsonstore/startup/logging.js","statementMap":{"0":{"start":{"line":1,"column":16},"end":{"line":1,"column":34}},"1":{"start":{"line":2,"column":0},"end":{"line":2,"column":32}},"2":{"start":{"line":5,"column":0},"end":{"line":29,"column":1}},"3":{"start":{"line":8,"column":4},"end":{"line":16,"column":5}},"4":{"start":{"line":17,"column":4},"end":{"line":19,"column":7}},"5":{"start":{"line":18,"column":8},"end":{"line":18,"column":17}},"6":{"start":{"line":21,"column":4},"end":{"line":23,"column":7}}},"fnMap":{"0":{"name":"(anonymous_0)","decl":{"start":{"line":5,"column":17},"end":{"line":5,"column":18}},"loc":{"start":{"line":5,"column":29},"end":{"line":29,"column":1}},"line":5},"1":{"name":"(anonymous_1)","decl":{"start":{"line":17,"column":37},"end":{"line":17,"column":38}},"loc":{"start":{"line":17,"column":43},"end":{"line":19,"column":5}},"line":17}},"branchMap":{},"s":{"0":2,"1":2,"2":2,"3":2,"4":2,"5":0,"6":2},"f":{"0":2,"1":0},"b":{},"_coverageSchema":"43e27e138ebf9cfc5966b082cf9a028302ed4184","hash":"be6209d23febd6531c1be83a182c4d048e571bca"}
,"/home/renegade/Documents/My Projects/Node/Jsonstore/startup/routes.js": {"path":"/home/renegade/Documents/My Projects/Node/Jsonstore/startup/routes.js","statementMap":{"0":{"start":{"line":1,"column":14},"end":{"line":1,"column":44}},"1":{"start":{"line":2,"column":16},"end":{"line":2,"column":34}},"2":{"start":{"line":4,"column":12},"end":{"line":4,"column":33}},"3":{"start":{"line":6,"column":0},"end":{"line":42,"column":1}},"4":{"start":{"line":9,"column":4},"end":{"line":11,"column":8}},"5":{"start":{"line":13,"column":4},"end":{"line":13,"column":38}},"6":{"start":{"line":16,"column":4},"end":{"line":16,"column":41}},"7":{"start":{"line":18,"column":4},"end":{"line":18,"column":41}},"8":{"start":{"line":22,"column":4},"end":{"line":22,"column":28}},"9":{"start":{"line":25,"column":4},"end":{"line":25,"column":56}},"10":{"start":{"line":26,"column":4},"end":{"line":26,"column":58}},"11":{"start":{"line":27,"column":4},"end":{"line":27,"column":62}},"12":{"start":{"line":28,"column":4},"end":{"line":28,"column":64}},"13":{"start":{"line":29,"column":4},"end":{"line":29,"column":64}},"14":{"start":{"line":30,"column":4},"end":{"line":30,"column":62}},"15":{"start":{"line":36,"column":4},"end":{"line":36,"column":43}},"16":{"start":{"line":37,"column":4},"end":{"line":37,"column":49}},"17":{"start":{"line":38,"column":4},"end":{"line":38,"column":49}},"18":{"start":{"line":40,"column":4},"end":{"line":40,"column":19}}},"fnMap":{"0":{"name":"(anonymous_0)","decl":{"start":{"line":6,"column":17},"end":{"line":6,"column":18}},"loc":{"start":{"line":6,"column":32},"end":{"line":42,"column":1}},"line":6}},"branchMap":{},"s":{"0":2,"1":2,"2":2,"3":2,"4":2,"5":2,"6":2,"7":2,"8":2,"9":2,"10":2,"11":2,"12":2,"13":2,"14":2,"15":2,"16":2,"17":2,"18":2},"f":{"0":2},"b":{},"_coverageSchema":"43e27e138ebf9cfc5966b082cf9a028302ed4184","hash":"d2f5eca37093407442382b9a19f71ef9937fc956"}
}
