TN:
SF:/home/renegade/Documents/My Projects/Node/Jsonstore/helpers.js
FN:10,(anonymous_0)
FNF:1
FNH:0
FNDA:0,(anonymous_0)
DA:2,2
DA:5,2
DA:10,0
LF:3
LH:2
BRF:0
BRH:0
end_of_record
TN:
SF:/home/renegade/Documents/My Projects/Node/Jsonstore/index.js
FN:28,(anonymous_0)
FNF:1
FNH:1
FNDA:2,(anonymous_0)
DA:1,2
DA:2,2
DA:3,2
DA:5,2
DA:8,2
DA:10,2
DA:12,2
DA:19,2
DA:20,2
DA:21,2
DA:22,2
DA:25,2
DA:27,2
DA:28,2
DA:30,2
LF:15
LH:15
BRDA:25,0,0,2
BRDA:25,0,1,2
BRF:2
BRH:2
end_of_record
TN:
SF:/home/renegade/Documents/My Projects/Node/Jsonstore/middleware/admin.js
FN:3,(anonymous_0)
FNF:1
FNH:0
FNDA:0,(anonymous_0)
DA:1,2
DA:3,2
DA:5,0
DA:7,0
DA:8,0
LF:5
LH:2
BRDA:5,0,0,0
BRDA:5,0,1,0
BRDA:7,1,0,0
BRDA:7,1,1,0
BRF:4
BRH:0
end_of_record
TN:
SF:/home/renegade/Documents/My Projects/Node/Jsonstore/middleware/auth.js
FN:4,auth
FNF:1
FNH:1
FNDA:8,auth
DA:1,3
DA:2,3
DA:6,8
DA:8,8
DA:10,8
DA:12,6
DA:13,6
DA:14,5
DA:15,5
DA:17,1
DA:20,3
LF:11
LH:11
BRDA:6,0,0,0
BRDA:6,0,1,8
BRDA:10,1,0,2
BRDA:10,1,1,6
BRF:4
BRH:3
end_of_record
TN:
SF:/home/renegade/Documents/My Projects/Node/Jsonstore/middleware/error.js
FN:4,(anonymous_0)
FNF:1
FNH:0
FNDA:0,(anonymous_0)
DA:1,2
DA:2,2
DA:4,2
DA:5,0
DA:12,0
LF:5
LH:3
BRF:0
BRH:0
end_of_record
TN:
SF:/home/renegade/Documents/My Projects/Node/Jsonstore/middleware/validateObjectId.js
FN:3,(anonymous_0)
FNF:1
FNH:1
FNDA:3,(anonymous_0)
DA:1,2
DA:3,2
DA:4,3
DA:5,1
DA:7,2
LF:5
LH:5
BRDA:4,0,0,1
BRDA:4,0,1,2
BRF:2
BRH:2
end_of_record
TN:
SF:/home/renegade/Documents/My Projects/Node/Jsonstore/models/category.js
FN:19,validateCategory
FNF:1
FNH:1
FNDA:4,validateCategory
DA:1,2
DA:2,2
DA:4,2
DA:14,2
DA:20,4
DA:24,4
DA:27,2
DA:28,2
LF:8
LH:8
BRF:0
BRH:0
end_of_record
TN:
SF:/home/renegade/Documents/My Projects/Node/Jsonstore/models/company.js
FN:17,validateCompany
FNF:1
FNH:0
FNDA:0,validateCompany
DA:1,2
DA:2,2
DA:4,2
DA:12,2
DA:18,0
DA:22,0
DA:25,2
DA:26,2
LF:8
LH:6
BRF:0
BRH:0
end_of_record
TN:
SF:/home/renegade/Documents/My Projects/Node/Jsonstore/models/product.js
FN:58,validateProduct
FNF:1
FNH:0
FNDA:0,validateProduct
DA:2,2
DA:3,2
DA:6,2
DA:8,2
DA:53,2
DA:59,0
DA:73,0
DA:76,2
DA:77,2
LF:9
LH:7
BRF:0
BRH:0
end_of_record
TN:
SF:/home/renegade/Documents/My Projects/Node/Jsonstore/models/review.js
FN:49,validateReview
FNF:1
FNH:0
FNDA:0,validateReview
DA:1,2
DA:2,2
DA:5,2
DA:7,2
DA:47,2
DA:50,0
DA:60,0
DA:63,0
DA:66,2
DA:67,2
DA:68,2
LF:11
LH:8
BRF:0
BRH:0
end_of_record
TN:
SF:/home/renegade/Documents/My Projects/Node/Jsonstore/models/user.js
FN:50,(anonymous_0)
FN:62,validateUser
FNF:2
FNH:1
FNDA:9,(anonymous_0)
FNDA:0,validateUser
DA:1,3
DA:2,3
DA:4,3
DA:5,3
DA:7,3
DA:50,3
DA:51,9
DA:57,9
DA:60,3
DA:63,0
DA:71,0
DA:74,3
DA:75,3
DA:76,3
LF:14
LH:12
BRF:0
BRH:0
end_of_record
TN:
SF:/home/renegade/Documents/My Projects/Node/Jsonstore/routes/about.js
FN:6,(anonymous_0)
FNF:1
FNH:0
FNDA:0,(anonymous_0)
DA:1,2
DA:2,2
DA:6,2
DA:11,2
LF:4
LH:4
BRF:0
BRH:0
end_of_record
TN:
SF:/home/renegade/Documents/My Projects/Node/Jsonstore/routes/home.js
FN:5,(anonymous_0)
FNF:1
FNH:0
FNDA:0,(anonymous_0)
DA:1,2
DA:2,2
DA:5,2
DA:9,2
LF:4
LH:4
BRF:0
BRH:0
end_of_record
TN:
SF:/home/renegade/Documents/My Projects/Node/Jsonstore/routes/store.js
FN:13,(anonymous_0)
FNF:1
FNH:0
FNDA:0,(anonymous_0)
DA:1,2
DA:2,2
DA:6,2
DA:7,2
DA:8,2
DA:13,2
DA:22,2
LF:7
LH:7
BRF:0
BRH:0
end_of_record
TN:
SF:/home/renegade/Documents/My Projects/Node/Jsonstore/routes/api/auth.js
FN:17,(anonymous_0)
FN:36,validate
FNF:2
FNH:0
FNDA:0,(anonymous_0)
FNDA:0,validate
DA:3,2
DA:5,2
DA:7,2
DA:8,2
DA:10,2
DA:11,2
DA:13,2
DA:14,2
DA:17,2
DA:20,0
DA:22,0
DA:24,0
DA:27,0
DA:29,0
DA:30,0
DA:32,0
DA:33,0
DA:37,0
DA:41,0
DA:44,2
LF:20
LH:10
BRDA:22,0,0,0
BRDA:22,0,1,0
BRDA:27,1,0,0
BRDA:27,1,1,0
BRDA:30,2,0,0
BRDA:30,2,1,0
BRF:6
BRH:0
end_of_record
TN:
SF:/home/renegade/Documents/My Projects/Node/Jsonstore/routes/api/category.js
FN:16,(anonymous_0)
FN:24,(anonymous_1)
FN:33,(anonymous_2)
FNF:3
FNH:3
FNDA:1,(anonymous_0)
FNDA:2,(anonymous_1)
FNDA:4,(anonymous_2)
DA:1,2
DA:6,2
DA:7,2
DA:8,2
DA:10,2
DA:12,2
DA:13,2
DA:16,2
DA:17,1
DA:20,1
DA:24,2
DA:26,2
DA:28,2
DA:33,2
DA:34,4
DA:35,4
DA:37,2
DA:41,2
DA:42,2
DA:46,2
LF:20
LH:20
BRDA:28,0,0,2
BRDA:28,0,1,0
BRDA:35,1,0,2
BRDA:35,1,1,2
BRF:4
BRH:3
end_of_record
TN:
SF:/home/renegade/Documents/My Projects/Node/Jsonstore/routes/api/company.js
FN:14,(anonymous_0)
FN:22,(anonymous_1)
FN:30,(anonymous_2)
FNF:3
FNH:0
FNDA:0,(anonymous_0)
FNDA:0,(anonymous_1)
FNDA:0,(anonymous_2)
DA:4,2
DA:5,2
DA:6,2
DA:8,2
DA:10,2
DA:11,2
DA:14,2
DA:15,0
DA:18,0
DA:22,2
DA:23,0
DA:25,0
DA:30,2
DA:33,0
DA:34,0
DA:36,0
DA:40,0
DA:41,0
DA:42,0
DA:46,2
LF:20
LH:10
BRDA:25,0,0,0
BRDA:25,0,1,0
BRDA:34,1,0,0
BRDA:34,1,1,0
BRF:4
BRH:0
end_of_record
TN:
SF:/home/renegade/Documents/My Projects/Node/Jsonstore/routes/api/products.js
FN:27,(anonymous_0)
FN:39,(anonymous_1)
FN:48,(anonymous_2)
FN:58,(anonymous_3)
FN:96,(anonymous_4)
FNF:5
FNH:0
FNDA:0,(anonymous_0)
FNDA:0,(anonymous_1)
FNDA:0,(anonymous_2)
FNDA:0,(anonymous_3)
FNDA:0,(anonymous_4)
DA:5,2
DA:9,2
DA:12,2
DA:13,2
DA:14,2
DA:16,2
DA:18,2
DA:19,2
DA:27,2
DA:28,0
DA:35,0
DA:39,2
DA:40,0
DA:43,0
DA:48,2
DA:50,0
DA:53,0
DA:58,2
DA:61,0
DA:62,0
DA:65,0
DA:66,0
DA:69,0
DA:70,0
DA:73,0
DA:74,0
DA:88,0
DA:89,0
DA:91,0
DA:96,2
DA:97,0
DA:99,0
DA:101,0
DA:104,2
LF:34
LH:14
BRDA:43,0,0,0
BRDA:43,0,1,0
BRDA:53,1,0,0
BRDA:53,1,1,0
BRDA:62,2,0,0
BRDA:62,2,1,0
BRDA:66,3,0,0
BRDA:66,3,1,0
BRDA:70,4,0,0
BRDA:70,4,1,0
BRDA:75,5,0,0
BRDA:75,5,1,0
BRDA:76,6,0,0
BRDA:76,6,1,0
BRDA:77,7,0,0
BRDA:77,7,1,0
BRDA:99,8,0,0
BRDA:99,8,1,0
BRF:18
BRH:0
end_of_record
TN:
SF:/home/renegade/Documents/My Projects/Node/Jsonstore/routes/api/reviews.js
FN:26,(anonymous_0)
FN:36,(anonymous_1)
FN:44,(anonymous_2)
FN:81,(anonymous_3)
FNF:4
FNH:0
FNDA:0,(anonymous_0)
FNDA:0,(anonymous_1)
FNDA:0,(anonymous_2)
FNDA:0,(anonymous_3)
DA:5,2
DA:10,2
DA:15,2
DA:17,2
DA:18,2
DA:20,2
DA:21,2
DA:22,2
DA:23,2
DA:26,2
DA:27,0
DA:32,0
DA:36,2
DA:37,0
DA:40,0
DA:44,2
DA:47,0
DA:48,0
DA:51,0
DA:52,0
DA:55,0
DA:56,0
DA:58,0
DA:59,0
DA:70,0
DA:71,0
DA:72,0
DA:74,0
DA:76,0
DA:81,2
DA:82,0
DA:84,0
DA:86,0
DA:89,2
LF:34
LH:14
BRDA:40,0,0,0
BRDA:40,0,1,0
BRDA:48,1,0,0
BRDA:48,1,1,0
BRDA:52,2,0,0
BRDA:52,2,1,0
BRDA:56,3,0,0
BRDA:56,3,1,0
BRDA:84,4,0,0
BRDA:84,4,1,0
BRF:10
BRH:0
end_of_record
TN:
SF:/home/renegade/Documents/My Projects/Node/Jsonstore/routes/api/users.js
FN:25,(anonymous_0)
FN:31,(anonymous_1)
FN:43,(anonymous_2)
FN:45,(anonymous_3)
FN:46,(anonymous_4)
FN:51,(anonymous_5)
FN:54,(anonymous_6)
FNF:7
FNH:0
FNDA:0,(anonymous_0)
FNDA:0,(anonymous_1)
FNDA:0,(anonymous_2)
FNDA:0,(anonymous_3)
FNDA:0,(anonymous_4)
FNDA:0,(anonymous_5)
FNDA:0,(anonymous_6)
DA:5,2
DA:7,2
DA:8,2
DA:10,2
DA:11,2
DA:12,2
DA:13,2
DA:15,2
DA:16,2
DA:19,2
DA:20,2
DA:21,2
DA:25,2
DA:26,0
DA:27,0
DA:31,2
DA:33,0
DA:36,0
DA:43,2
DA:45,0
DA:46,0
DA:49,0
DA:51,0
DA:54,2
DA:57,0
DA:58,0
DA:60,0
DA:63,0
DA:65,0
DA:67,0
DA:68,0
DA:78,0
DA:80,0
DA:82,0
DA:84,0
DA:90,2
LF:36
LH:17
BRDA:36,0,0,0
BRDA:36,0,1,0
BRDA:49,1,0,0
BRDA:49,1,1,0
BRDA:58,2,0,0
BRDA:58,2,1,0
BRDA:63,3,0,0
BRDA:63,3,1,0
BRF:8
BRH:0
end_of_record
TN:
SF:/home/renegade/Documents/My Projects/Node/Jsonstore/services/Products.js
FNF:0
FNH:0
DA:1,2
DA:48,2
LF:2
LH:2
BRF:0
BRH:0
end_of_record
TN:
SF:/home/renegade/Documents/My Projects/Node/Jsonstore/services/Reviews.js
FNF:0
FNH:0
DA:1,2
DA:51,2
LF:2
LH:2
BRF:0
BRH:0
end_of_record
TN:
SF:/home/renegade/Documents/My Projects/Node/Jsonstore/services/Users.js
FNF:0
FNH:0
DA:1,2
DA:42,2
LF:2
LH:2
BRF:0
BRH:0
end_of_record
TN:
SF:/home/renegade/Documents/My Projects/Node/Jsonstore/startup/config.js
FN:3,(anonymous_0)
FNF:1
FNH:1
FNDA:2,(anonymous_0)
DA:1,2
DA:3,2
DA:4,2
DA:5,0
DA:6,0
LF:5
LH:3
BRDA:4,0,0,0
BRDA:4,0,1,2
BRF:2
BRH:1
end_of_record
TN:
SF:/home/renegade/Documents/My Projects/Node/Jsonstore/startup/db.js
FN:10,(anonymous_0)
FN:14,(anonymous_1)
FNF:2
FNH:2
FNDA:2,(anonymous_0)
FNDA:2,(anonymous_1)
DA:1,2
DA:2,2
DA:3,2
DA:10,2
DA:11,2
DA:12,2
DA:14,2
LF:7
LH:7
BRF:0
BRH:0
end_of_record
TN:
SF:/home/renegade/Documents/My Projects/Node/Jsonstore/startup/logging.js
FN:5,(anonymous_0)
FN:17,(anonymous_1)
FNF:2
FNH:1
FNDA:2,(anonymous_0)
FNDA:0,(anonymous_1)
DA:1,2
DA:2,2
DA:5,2
DA:8,2
DA:17,2
DA:18,0
DA:21,2
LF:7
LH:6
BRF:0
BRH:0
end_of_record
TN:
SF:/home/renegade/Documents/My Projects/Node/Jsonstore/startup/routes.js
FN:6,(anonymous_0)
FNF:1
FNH:1
FNDA:2,(anonymous_0)
DA:1,2
DA:2,2
DA:4,2
DA:6,2
DA:9,2
DA:13,2
DA:16,2
DA:18,2
DA:22,2
DA:25,2
DA:26,2
DA:27,2
DA:28,2
DA:29,2
DA:30,2
DA:36,2
DA:37,2
DA:38,2
DA:40,2
LF:19
LH:19
BRF:0
BRH:0
end_of_record
